<?xml version="1.0" encoding="UTF-8"?>
<testsuite xmlns:xsi="http://www.w3.org/2001/XMLSchema-instance" xsi:noNamespaceSchemaLocation="https://maven.apache.org/surefire/maven-surefire-plugin/xsd/surefire-test-report.xsd" name="pl.piomin.services.grpc.account.AccountServicesTests" time="6.459" tests="4" errors="0" skipped="0" failures="0">
  <properties>
    <property name="java.specification.version" value="17"/>
    <property name="sun.jnu.encoding" value="UTF-8"/>
    <property name="java.class.path" value="/home/luiza/Documents/POS/activitate-proiect-laborator-2023-2024-LuizaGanea/HospitalApp/account-service-grpc/target/test-classes:/home/luiza/Documents/POS/activitate-proiect-laborator-2023-2024-LuizaGanea/HospitalApp/account-service-grpc/target/classes:/home/luiza/.m2/repository/net/devh/grpc-server-spring-boot-starter/2.15.0.RELEASE/grpc-server-spring-boot-starter-2.15.0.RELEASE.jar:/home/luiza/.m2/repository/net/devh/grpc-server-spring-boot-autoconfigure/2.15.0.RELEASE/grpc-server-spring-boot-autoconfigure-2.15.0.RELEASE.jar:/home/luiza/.m2/repository/net/devh/grpc-common-spring-boot/2.15.0.RELEASE/grpc-common-spring-boot-2.15.0.RELEASE.jar:/home/luiza/.m2/repository/io/grpc/grpc-netty-shaded/1.58.0/grpc-netty-shaded-1.58.0.jar:/home/luiza/.m2/repository/io/perfmark/perfmark-api/0.26.0/perfmark-api-0.26.0.jar:/home/luiza/.m2/repository/io/grpc/grpc-protobuf/1.58.0/grpc-protobuf-1.58.0.jar:/home/luiza/.m2/repository/com/google/protobuf/protobuf-java/3.24.0/protobuf-java-3.24.0.jar:/home/luiza/.m2/repository/com/google/api/grpc/proto-google-common-protos/2.22.0/proto-google-common-protos-2.22.0.jar:/home/luiza/.m2/repository/io/grpc/grpc-protobuf-lite/1.58.0/grpc-protobuf-lite-1.58.0.jar:/home/luiza/.m2/repository/io/grpc/grpc-services/1.58.0/grpc-services-1.58.0.jar:/home/luiza/.m2/repository/com/google/protobuf/protobuf-java-util/3.24.0/protobuf-java-util-3.24.0.jar:/home/luiza/.m2/repository/com/google/j2objc/j2objc-annotations/2.8/j2objc-annotations-2.8.jar:/home/luiza/.m2/repository/com/google/code/gson/gson/2.9.1/gson-2.9.1.jar:/home/luiza/.m2/repository/org/springframework/boot/spring-boot-starter-web/2.7.17/spring-boot-starter-web-2.7.17.jar:/home/luiza/.m2/repository/org/springframework/boot/spring-boot-starter/2.7.17/spring-boot-starter-2.7.17.jar:/home/luiza/.m2/repository/org/springframework/boot/spring-boot/2.7.17/spring-boot-2.7.17.jar:/home/luiza/.m2/repository/org/springframework/boot/spring-boot-autoconfigure/2.7.17/spring-boot-autoconfigure-2.7.17.jar:/home/luiza/.m2/repository/org/springframework/boot/spring-boot-starter-logging/2.7.17/spring-boot-starter-logging-2.7.17.jar:/home/luiza/.m2/repository/ch/qos/logback/logback-classic/1.2.12/logback-classic-1.2.12.jar:/home/luiza/.m2/repository/ch/qos/logback/logback-core/1.2.12/logback-core-1.2.12.jar:/home/luiza/.m2/repository/org/apache/logging/log4j/log4j-to-slf4j/2.17.2/log4j-to-slf4j-2.17.2.jar:/home/luiza/.m2/repository/org/apache/logging/log4j/log4j-api/2.17.2/log4j-api-2.17.2.jar:/home/luiza/.m2/repository/org/slf4j/jul-to-slf4j/1.7.36/jul-to-slf4j-1.7.36.jar:/home/luiza/.m2/repository/jakarta/annotation/jakarta.annotation-api/1.3.5/jakarta.annotation-api-1.3.5.jar:/home/luiza/.m2/repository/org/yaml/snakeyaml/1.30/snakeyaml-1.30.jar:/home/luiza/.m2/repository/org/springframework/boot/spring-boot-starter-json/2.7.17/spring-boot-starter-json-2.7.17.jar:/home/luiza/.m2/repository/com/fasterxml/jackson/core/jackson-databind/2.13.5/jackson-databind-2.13.5.jar:/home/luiza/.m2/repository/com/fasterxml/jackson/core/jackson-annotations/2.13.5/jackson-annotations-2.13.5.jar:/home/luiza/.m2/repository/com/fasterxml/jackson/core/jackson-core/2.13.5/jackson-core-2.13.5.jar:/home/luiza/.m2/repository/com/fasterxml/jackson/datatype/jackson-datatype-jdk8/2.13.5/jackson-datatype-jdk8-2.13.5.jar:/home/luiza/.m2/repository/com/fasterxml/jackson/datatype/jackson-datatype-jsr310/2.13.5/jackson-datatype-jsr310-2.13.5.jar:/home/luiza/.m2/repository/com/fasterxml/jackson/module/jackson-module-parameter-names/2.13.5/jackson-module-parameter-names-2.13.5.jar:/home/luiza/.m2/repository/org/springframework/boot/spring-boot-starter-tomcat/2.7.17/spring-boot-starter-tomcat-2.7.17.jar:/home/luiza/.m2/repository/org/apache/tomcat/embed/tomcat-embed-core/9.0.82/tomcat-embed-core-9.0.82.jar:/home/luiza/.m2/repository/org/apache/tomcat/embed/tomcat-embed-el/9.0.82/tomcat-embed-el-9.0.82.jar:/home/luiza/.m2/repository/org/apache/tomcat/embed/tomcat-embed-websocket/9.0.82/tomcat-embed-websocket-9.0.82.jar:/home/luiza/.m2/repository/org/springframework/spring-web/5.3.30/spring-web-5.3.30.jar:/home/luiza/.m2/repository/org/springframework/spring-beans/5.3.30/spring-beans-5.3.30.jar:/home/luiza/.m2/repository/org/springframework/spring-webmvc/5.3.30/spring-webmvc-5.3.30.jar:/home/luiza/.m2/repository/org/springframework/spring-aop/5.3.30/spring-aop-5.3.30.jar:/home/luiza/.m2/repository/org/springframework/spring-context/5.3.30/spring-context-5.3.30.jar:/home/luiza/.m2/repository/org/springframework/spring-expression/5.3.30/spring-expression-5.3.30.jar:/home/luiza/.m2/repository/org/springframework/boot/spring-boot-starter-actuator/2.7.17/spring-boot-starter-actuator-2.7.17.jar:/home/luiza/.m2/repository/org/springframework/boot/spring-boot-actuator-autoconfigure/2.7.17/spring-boot-actuator-autoconfigure-2.7.17.jar:/home/luiza/.m2/repository/org/springframework/boot/spring-boot-actuator/2.7.17/spring-boot-actuator-2.7.17.jar:/home/luiza/.m2/repository/io/micrometer/micrometer-core/1.9.16/micrometer-core-1.9.16.jar:/home/luiza/.m2/repository/org/hdrhistogram/HdrHistogram/2.1.12/HdrHistogram-2.1.12.jar:/home/luiza/.m2/repository/org/latencyutils/LatencyUtils/2.0.3/LatencyUtils-2.0.3.jar:/home/luiza/.m2/repository/io/grpc/grpc-testing/1.58.0/grpc-testing-1.58.0.jar:/home/luiza/.m2/repository/io/grpc/grpc-inprocess/1.58.0/grpc-inprocess-1.58.0.jar:/home/luiza/.m2/repository/io/grpc/grpc-core/1.58.0/grpc-core-1.58.0.jar:/home/luiza/.m2/repository/com/google/android/annotations/4.1.1.4/annotations-4.1.1.4.jar:/home/luiza/.m2/repository/io/grpc/grpc-context/1.58.0/grpc-context-1.58.0.jar:/home/luiza/.m2/repository/com/google/guava/guava/32.0.1-android/guava-32.0.1-android.jar:/home/luiza/.m2/repository/com/google/guava/failureaccess/1.0.1/failureaccess-1.0.1.jar:/home/luiza/.m2/repository/com/google/guava/listenablefuture/9999.0-empty-to-avoid-conflict-with-guava/listenablefuture-9999.0-empty-to-avoid-conflict-with-guava.jar:/home/luiza/.m2/repository/org/checkerframework/checker-qual/3.33.0/checker-qual-3.33.0.jar:/home/luiza/.m2/repository/io/grpc/grpc-util/1.58.0/grpc-util-1.58.0.jar:/home/luiza/.m2/repository/org/codehaus/mojo/animal-sniffer-annotations/1.23/animal-sniffer-annotations-1.23.jar:/home/luiza/.m2/repository/io/grpc/grpc-stub/1.58.0/grpc-stub-1.58.0.jar:/home/luiza/.m2/repository/com/google/errorprone/error_prone_annotations/2.20.0/error_prone_annotations-2.20.0.jar:/home/luiza/.m2/repository/junit/junit/4.13.2/junit-4.13.2.jar:/home/luiza/.m2/repository/org/hamcrest/hamcrest-core/2.2/hamcrest-core-2.2.jar:/home/luiza/.m2/repository/io/grpc/grpc-api/1.58.0/grpc-api-1.58.0.jar:/home/luiza/.m2/repository/com/google/code/findbugs/jsr305/3.0.2/jsr305-3.0.2.jar:/home/luiza/.m2/repository/org/springframework/boot/spring-boot-starter-test/2.7.17/spring-boot-starter-test-2.7.17.jar:/home/luiza/.m2/repository/org/springframework/boot/spring-boot-test/2.7.17/spring-boot-test-2.7.17.jar:/home/luiza/.m2/repository/org/springframework/boot/spring-boot-test-autoconfigure/2.7.17/spring-boot-test-autoconfigure-2.7.17.jar:/home/luiza/.m2/repository/com/jayway/jsonpath/json-path/2.7.0/json-path-2.7.0.jar:/home/luiza/.m2/repository/net/minidev/json-smart/2.4.11/json-smart-2.4.11.jar:/home/luiza/.m2/repository/net/minidev/accessors-smart/2.4.11/accessors-smart-2.4.11.jar:/home/luiza/.m2/repository/org/ow2/asm/asm/9.3/asm-9.3.jar:/home/luiza/.m2/repository/org/slf4j/slf4j-api/1.7.36/slf4j-api-1.7.36.jar:/home/luiza/.m2/repository/jakarta/xml/bind/jakarta.xml.bind-api/2.3.3/jakarta.xml.bind-api-2.3.3.jar:/home/luiza/.m2/repository/jakarta/activation/jakarta.activation-api/1.2.2/jakarta.activation-api-1.2.2.jar:/home/luiza/.m2/repository/org/assertj/assertj-core/3.22.0/assertj-core-3.22.0.jar:/home/luiza/.m2/repository/org/hamcrest/hamcrest/2.2/hamcrest-2.2.jar:/home/luiza/.m2/repository/org/junit/jupiter/junit-jupiter/5.8.2/junit-jupiter-5.8.2.jar:/home/luiza/.m2/repository/org/junit/jupiter/junit-jupiter-api/5.8.2/junit-jupiter-api-5.8.2.jar:/home/luiza/.m2/repository/org/opentest4j/opentest4j/1.2.0/opentest4j-1.2.0.jar:/home/luiza/.m2/repository/org/junit/platform/junit-platform-commons/1.8.2/junit-platform-commons-1.8.2.jar:/home/luiza/.m2/repository/org/apiguardian/apiguardian-api/1.1.2/apiguardian-api-1.1.2.jar:/home/luiza/.m2/repository/org/junit/jupiter/junit-jupiter-params/5.8.2/junit-jupiter-params-5.8.2.jar:/home/luiza/.m2/repository/org/junit/jupiter/junit-jupiter-engine/5.8.2/junit-jupiter-engine-5.8.2.jar:/home/luiza/.m2/repository/org/junit/platform/junit-platform-engine/1.8.2/junit-platform-engine-1.8.2.jar:/home/luiza/.m2/repository/org/mockito/mockito-core/4.5.1/mockito-core-4.5.1.jar:/home/luiza/.m2/repository/net/bytebuddy/byte-buddy/1.12.23/byte-buddy-1.12.23.jar:/home/luiza/.m2/repository/net/bytebuddy/byte-buddy-agent/1.12.23/byte-buddy-agent-1.12.23.jar:/home/luiza/.m2/repository/org/objenesis/objenesis/3.2/objenesis-3.2.jar:/home/luiza/.m2/repository/org/mockito/mockito-junit-jupiter/4.5.1/mockito-junit-jupiter-4.5.1.jar:/home/luiza/.m2/repository/org/skyscreamer/jsonassert/1.5.1/jsonassert-1.5.1.jar:/home/luiza/.m2/repository/com/vaadin/external/google/android-json/0.0.20131108.vaadin1/android-json-0.0.20131108.vaadin1.jar:/home/luiza/.m2/repository/org/springframework/spring-core/5.3.30/spring-core-5.3.30.jar:/home/luiza/.m2/repository/org/springframework/spring-jcl/5.3.30/spring-jcl-5.3.30.jar:/home/luiza/.m2/repository/org/springframework/spring-test/5.3.30/spring-test-5.3.30.jar:/home/luiza/.m2/repository/org/xmlunit/xmlunit-core/2.9.1/xmlunit-core-2.9.1.jar:/home/luiza/.m2/repository/net/devh/grpc-client-spring-boot-starter/2.15.0.RELEASE/grpc-client-spring-boot-starter-2.15.0.RELEASE.jar:/home/luiza/.m2/repository/net/devh/grpc-client-spring-boot-autoconfigure/2.15.0.RELEASE/grpc-client-spring-boot-autoconfigure-2.15.0.RELEASE.jar:"/>
    <property name="java.vm.vendor" value="Amazon.com Inc."/>
    <property name="sun.arch.data.model" value="64"/>
    <property name="java.vendor.url" value="https://aws.amazon.com/corretto/"/>
    <property name="os.name" value="Linux"/>
    <property name="java.vm.specification.version" value="17"/>
    <property name="sun.java.launcher" value="SUN_STANDARD"/>
    <property name="user.country" value="US"/>
    <property name="sun.boot.library.path" value="/home/luiza/.jdks/corretto-17.0.9/lib"/>
    <property name="sun.java.command" value="/home/luiza/Documents/POS/activitate-proiect-laborator-2023-2024-LuizaGanea/HospitalApp/account-service-grpc/target/surefire/surefirebooter14913379307964246447.jar /home/luiza/Documents/POS/activitate-proiect-laborator-2023-2024-LuizaGanea/HospitalApp/account-service-grpc/target/surefire 2023-12-29T15-43-39_907-jvmRun1 surefire11576100371767828331tmp surefire_05101320145535701785tmp"/>
    <property name="jdk.debug" value="release"/>
    <property name="surefire.test.class.path" value="/home/luiza/Documents/POS/activitate-proiect-laborator-2023-2024-LuizaGanea/HospitalApp/account-service-grpc/target/test-classes:/home/luiza/Documents/POS/activitate-proiect-laborator-2023-2024-LuizaGanea/HospitalApp/account-service-grpc/target/classes:/home/luiza/.m2/repository/net/devh/grpc-server-spring-boot-starter/2.15.0.RELEASE/grpc-server-spring-boot-starter-2.15.0.RELEASE.jar:/home/luiza/.m2/repository/net/devh/grpc-server-spring-boot-autoconfigure/2.15.0.RELEASE/grpc-server-spring-boot-autoconfigure-2.15.0.RELEASE.jar:/home/luiza/.m2/repository/net/devh/grpc-common-spring-boot/2.15.0.RELEASE/grpc-common-spring-boot-2.15.0.RELEASE.jar:/home/luiza/.m2/repository/io/grpc/grpc-netty-shaded/1.58.0/grpc-netty-shaded-1.58.0.jar:/home/luiza/.m2/repository/io/perfmark/perfmark-api/0.26.0/perfmark-api-0.26.0.jar:/home/luiza/.m2/repository/io/grpc/grpc-protobuf/1.58.0/grpc-protobuf-1.58.0.jar:/home/luiza/.m2/repository/com/google/protobuf/protobuf-java/3.24.0/protobuf-java-3.24.0.jar:/home/luiza/.m2/repository/com/google/api/grpc/proto-google-common-protos/2.22.0/proto-google-common-protos-2.22.0.jar:/home/luiza/.m2/repository/io/grpc/grpc-protobuf-lite/1.58.0/grpc-protobuf-lite-1.58.0.jar:/home/luiza/.m2/repository/io/grpc/grpc-services/1.58.0/grpc-services-1.58.0.jar:/home/luiza/.m2/repository/com/google/protobuf/protobuf-java-util/3.24.0/protobuf-java-util-3.24.0.jar:/home/luiza/.m2/repository/com/google/j2objc/j2objc-annotations/2.8/j2objc-annotations-2.8.jar:/home/luiza/.m2/repository/com/google/code/gson/gson/2.9.1/gson-2.9.1.jar:/home/luiza/.m2/repository/org/springframework/boot/spring-boot-starter-web/2.7.17/spring-boot-starter-web-2.7.17.jar:/home/luiza/.m2/repository/org/springframework/boot/spring-boot-starter/2.7.17/spring-boot-starter-2.7.17.jar:/home/luiza/.m2/repository/org/springframework/boot/spring-boot/2.7.17/spring-boot-2.7.17.jar:/home/luiza/.m2/repository/org/springframework/boot/spring-boot-autoconfigure/2.7.17/spring-boot-autoconfigure-2.7.17.jar:/home/luiza/.m2/repository/org/springframework/boot/spring-boot-starter-logging/2.7.17/spring-boot-starter-logging-2.7.17.jar:/home/luiza/.m2/repository/ch/qos/logback/logback-classic/1.2.12/logback-classic-1.2.12.jar:/home/luiza/.m2/repository/ch/qos/logback/logback-core/1.2.12/logback-core-1.2.12.jar:/home/luiza/.m2/repository/org/apache/logging/log4j/log4j-to-slf4j/2.17.2/log4j-to-slf4j-2.17.2.jar:/home/luiza/.m2/repository/org/apache/logging/log4j/log4j-api/2.17.2/log4j-api-2.17.2.jar:/home/luiza/.m2/repository/org/slf4j/jul-to-slf4j/1.7.36/jul-to-slf4j-1.7.36.jar:/home/luiza/.m2/repository/jakarta/annotation/jakarta.annotation-api/1.3.5/jakarta.annotation-api-1.3.5.jar:/home/luiza/.m2/repository/org/yaml/snakeyaml/1.30/snakeyaml-1.30.jar:/home/luiza/.m2/repository/org/springframework/boot/spring-boot-starter-json/2.7.17/spring-boot-starter-json-2.7.17.jar:/home/luiza/.m2/repository/com/fasterxml/jackson/core/jackson-databind/2.13.5/jackson-databind-2.13.5.jar:/home/luiza/.m2/repository/com/fasterxml/jackson/core/jackson-annotations/2.13.5/jackson-annotations-2.13.5.jar:/home/luiza/.m2/repository/com/fasterxml/jackson/core/jackson-core/2.13.5/jackson-core-2.13.5.jar:/home/luiza/.m2/repository/com/fasterxml/jackson/datatype/jackson-datatype-jdk8/2.13.5/jackson-datatype-jdk8-2.13.5.jar:/home/luiza/.m2/repository/com/fasterxml/jackson/datatype/jackson-datatype-jsr310/2.13.5/jackson-datatype-jsr310-2.13.5.jar:/home/luiza/.m2/repository/com/fasterxml/jackson/module/jackson-module-parameter-names/2.13.5/jackson-module-parameter-names-2.13.5.jar:/home/luiza/.m2/repository/org/springframework/boot/spring-boot-starter-tomcat/2.7.17/spring-boot-starter-tomcat-2.7.17.jar:/home/luiza/.m2/repository/org/apache/tomcat/embed/tomcat-embed-core/9.0.82/tomcat-embed-core-9.0.82.jar:/home/luiza/.m2/repository/org/apache/tomcat/embed/tomcat-embed-el/9.0.82/tomcat-embed-el-9.0.82.jar:/home/luiza/.m2/repository/org/apache/tomcat/embed/tomcat-embed-websocket/9.0.82/tomcat-embed-websocket-9.0.82.jar:/home/luiza/.m2/repository/org/springframework/spring-web/5.3.30/spring-web-5.3.30.jar:/home/luiza/.m2/repository/org/springframework/spring-beans/5.3.30/spring-beans-5.3.30.jar:/home/luiza/.m2/repository/org/springframework/spring-webmvc/5.3.30/spring-webmvc-5.3.30.jar:/home/luiza/.m2/repository/org/springframework/spring-aop/5.3.30/spring-aop-5.3.30.jar:/home/luiza/.m2/repository/org/springframework/spring-context/5.3.30/spring-context-5.3.30.jar:/home/luiza/.m2/repository/org/springframework/spring-expression/5.3.30/spring-expression-5.3.30.jar:/home/luiza/.m2/repository/org/springframework/boot/spring-boot-starter-actuator/2.7.17/spring-boot-starter-actuator-2.7.17.jar:/home/luiza/.m2/repository/org/springframework/boot/spring-boot-actuator-autoconfigure/2.7.17/spring-boot-actuator-autoconfigure-2.7.17.jar:/home/luiza/.m2/repository/org/springframework/boot/spring-boot-actuator/2.7.17/spring-boot-actuator-2.7.17.jar:/home/luiza/.m2/repository/io/micrometer/micrometer-core/1.9.16/micrometer-core-1.9.16.jar:/home/luiza/.m2/repository/org/hdrhistogram/HdrHistogram/2.1.12/HdrHistogram-2.1.12.jar:/home/luiza/.m2/repository/org/latencyutils/LatencyUtils/2.0.3/LatencyUtils-2.0.3.jar:/home/luiza/.m2/repository/io/grpc/grpc-testing/1.58.0/grpc-testing-1.58.0.jar:/home/luiza/.m2/repository/io/grpc/grpc-inprocess/1.58.0/grpc-inprocess-1.58.0.jar:/home/luiza/.m2/repository/io/grpc/grpc-core/1.58.0/grpc-core-1.58.0.jar:/home/luiza/.m2/repository/com/google/android/annotations/4.1.1.4/annotations-4.1.1.4.jar:/home/luiza/.m2/repository/io/grpc/grpc-context/1.58.0/grpc-context-1.58.0.jar:/home/luiza/.m2/repository/com/google/guava/guava/32.0.1-android/guava-32.0.1-android.jar:/home/luiza/.m2/repository/com/google/guava/failureaccess/1.0.1/failureaccess-1.0.1.jar:/home/luiza/.m2/repository/com/google/guava/listenablefuture/9999.0-empty-to-avoid-conflict-with-guava/listenablefuture-9999.0-empty-to-avoid-conflict-with-guava.jar:/home/luiza/.m2/repository/org/checkerframework/checker-qual/3.33.0/checker-qual-3.33.0.jar:/home/luiza/.m2/repository/io/grpc/grpc-util/1.58.0/grpc-util-1.58.0.jar:/home/luiza/.m2/repository/org/codehaus/mojo/animal-sniffer-annotations/1.23/animal-sniffer-annotations-1.23.jar:/home/luiza/.m2/repository/io/grpc/grpc-stub/1.58.0/grpc-stub-1.58.0.jar:/home/luiza/.m2/repository/com/google/errorprone/error_prone_annotations/2.20.0/error_prone_annotations-2.20.0.jar:/home/luiza/.m2/repository/junit/junit/4.13.2/junit-4.13.2.jar:/home/luiza/.m2/repository/org/hamcrest/hamcrest-core/2.2/hamcrest-core-2.2.jar:/home/luiza/.m2/repository/io/grpc/grpc-api/1.58.0/grpc-api-1.58.0.jar:/home/luiza/.m2/repository/com/google/code/findbugs/jsr305/3.0.2/jsr305-3.0.2.jar:/home/luiza/.m2/repository/org/springframework/boot/spring-boot-starter-test/2.7.17/spring-boot-starter-test-2.7.17.jar:/home/luiza/.m2/repository/org/springframework/boot/spring-boot-test/2.7.17/spring-boot-test-2.7.17.jar:/home/luiza/.m2/repository/org/springframework/boot/spring-boot-test-autoconfigure/2.7.17/spring-boot-test-autoconfigure-2.7.17.jar:/home/luiza/.m2/repository/com/jayway/jsonpath/json-path/2.7.0/json-path-2.7.0.jar:/home/luiza/.m2/repository/net/minidev/json-smart/2.4.11/json-smart-2.4.11.jar:/home/luiza/.m2/repository/net/minidev/accessors-smart/2.4.11/accessors-smart-2.4.11.jar:/home/luiza/.m2/repository/org/ow2/asm/asm/9.3/asm-9.3.jar:/home/luiza/.m2/repository/org/slf4j/slf4j-api/1.7.36/slf4j-api-1.7.36.jar:/home/luiza/.m2/repository/jakarta/xml/bind/jakarta.xml.bind-api/2.3.3/jakarta.xml.bind-api-2.3.3.jar:/home/luiza/.m2/repository/jakarta/activation/jakarta.activation-api/1.2.2/jakarta.activation-api-1.2.2.jar:/home/luiza/.m2/repository/org/assertj/assertj-core/3.22.0/assertj-core-3.22.0.jar:/home/luiza/.m2/repository/org/hamcrest/hamcrest/2.2/hamcrest-2.2.jar:/home/luiza/.m2/repository/org/junit/jupiter/junit-jupiter/5.8.2/junit-jupiter-5.8.2.jar:/home/luiza/.m2/repository/org/junit/jupiter/junit-jupiter-api/5.8.2/junit-jupiter-api-5.8.2.jar:/home/luiza/.m2/repository/org/opentest4j/opentest4j/1.2.0/opentest4j-1.2.0.jar:/home/luiza/.m2/repository/org/junit/platform/junit-platform-commons/1.8.2/junit-platform-commons-1.8.2.jar:/home/luiza/.m2/repository/org/apiguardian/apiguardian-api/1.1.2/apiguardian-api-1.1.2.jar:/home/luiza/.m2/repository/org/junit/jupiter/junit-jupiter-params/5.8.2/junit-jupiter-params-5.8.2.jar:/home/luiza/.m2/repository/org/junit/jupiter/junit-jupiter-engine/5.8.2/junit-jupiter-engine-5.8.2.jar:/home/luiza/.m2/repository/org/junit/platform/junit-platform-engine/1.8.2/junit-platform-engine-1.8.2.jar:/home/luiza/.m2/repository/org/mockito/mockito-core/4.5.1/mockito-core-4.5.1.jar:/home/luiza/.m2/repository/net/bytebuddy/byte-buddy/1.12.23/byte-buddy-1.12.23.jar:/home/luiza/.m2/repository/net/bytebuddy/byte-buddy-agent/1.12.23/byte-buddy-agent-1.12.23.jar:/home/luiza/.m2/repository/org/objenesis/objenesis/3.2/objenesis-3.2.jar:/home/luiza/.m2/repository/org/mockito/mockito-junit-jupiter/4.5.1/mockito-junit-jupiter-4.5.1.jar:/home/luiza/.m2/repository/org/skyscreamer/jsonassert/1.5.1/jsonassert-1.5.1.jar:/home/luiza/.m2/repository/com/vaadin/external/google/android-json/0.0.20131108.vaadin1/android-json-0.0.20131108.vaadin1.jar:/home/luiza/.m2/repository/org/springframework/spring-core/5.3.30/spring-core-5.3.30.jar:/home/luiza/.m2/repository/org/springframework/spring-jcl/5.3.30/spring-jcl-5.3.30.jar:/home/luiza/.m2/repository/org/springframework/spring-test/5.3.30/spring-test-5.3.30.jar:/home/luiza/.m2/repository/org/xmlunit/xmlunit-core/2.9.1/xmlunit-core-2.9.1.jar:/home/luiza/.m2/repository/net/devh/grpc-client-spring-boot-starter/2.15.0.RELEASE/grpc-client-spring-boot-starter-2.15.0.RELEASE.jar:/home/luiza/.m2/repository/net/devh/grpc-client-spring-boot-autoconfigure/2.15.0.RELEASE/grpc-client-spring-boot-autoconfigure-2.15.0.RELEASE.jar:"/>
    <property name="sun.cpu.endian" value="little"/>
    <property name="user.home" value="/home/luiza"/>
    <property name="user.language" value="en"/>
    <property name="java.specification.vendor" value="Oracle Corporation"/>
    <property name="java.version.date" value="2023-10-17"/>
    <property name="java.home" value="/home/luiza/.jdks/corretto-17.0.9"/>
    <property name="file.separator" value="/"/>
    <property name="basedir" value="/home/luiza/Documents/POS/activitate-proiect-laborator-2023-2024-LuizaGanea/HospitalApp/account-service-grpc"/>
    <property name="java.vm.compressedOopsMode" value="32-bit"/>
    <property name="line.separator" value="&#10;"/>
    <property name="java.vm.specification.vendor" value="Oracle Corporation"/>
    <property name="java.specification.name" value="Java Platform API Specification"/>
    <property name="surefire.real.class.path" value="/home/luiza/Documents/POS/activitate-proiect-laborator-2023-2024-LuizaGanea/HospitalApp/account-service-grpc/target/surefire/surefirebooter14913379307964246447.jar"/>
    <property name="sun.management.compiler" value="HotSpot 64-Bit Tiered Compilers"/>
    <property name="java.runtime.version" value="17.0.9+8-LTS"/>
    <property name="user.name" value="luiza"/>
    <property name="path.separator" value=":"/>
    <property name="os.version" value="5.10.0-26-amd64"/>
    <property name="java.runtime.name" value="OpenJDK Runtime Environment"/>
    <property name="file.encoding" value="UTF-8"/>
    <property name="java.vm.name" value="OpenJDK 64-Bit Server VM"/>
    <property name="java.vendor.version" value="Corretto-17.0.9.8.1"/>
    <property name="localRepository" value="/home/luiza/.m2/repository"/>
    <property name="java.vendor.url.bug" value="https://github.com/corretto/corretto-17/issues/"/>
    <property name="java.io.tmpdir" value="/tmp"/>
    <property name="idea.version" value="2023.2.5"/>
    <property name="java.version" value="17.0.9"/>
    <property name="user.dir" value="/home/luiza/Documents/POS/activitate-proiect-laborator-2023-2024-LuizaGanea/HospitalApp/account-service-grpc"/>
    <property name="os.arch" value="amd64"/>
    <property name="java.vm.specification.name" value="Java Virtual Machine Specification"/>
    <property name="native.encoding" value="UTF-8"/>
    <property name="java.library.path" value="/usr/java/packages/lib:/usr/lib64:/lib64:/lib:/usr/lib"/>
    <property name="java.vm.info" value="mixed mode, sharing"/>
    <property name="java.vendor" value="Amazon.com Inc."/>
    <property name="java.vm.version" value="17.0.9+8-LTS"/>
    <property name="sun.io.unicode.encoding" value="UnicodeLittle"/>
    <property name="java.class.version" value="61.0"/>
  </properties>
  <testcase name="shouldFindByNumber" classname="pl.piomin.services.grpc.account.AccountServicesTests" time="0.809"/>
  <testcase name="shouldFindAll" classname="pl.piomin.services.grpc.account.AccountServicesTests" time="0.016"/>
  <testcase name="shouldAddAccount" classname="pl.piomin.services.grpc.account.AccountServicesTests" time="0.002"/>
  <testcase name="shouldFindByCustomer" classname="pl.piomin.services.grpc.account.AccountServicesTests" time="0.011"/>
</testsuite>